2025-08-19 08:03:29 | INFO | main:399 - view server @ https://localhost:9443-{}
2025-08-19 08:03:31 | SUCCESS | get_platform_origin:367 - Got response from https://localhost:9443/open-metadata/platform-services/users/erinoverview/server-platform/origin
 Response: Egeria OMAG Server Platform (version 5.4-SNAPSHOT)-{}
2025-08-19 08:03:31 | INFO | __init__:133 - CollectionManager initialized, platform origin is: True-{}
2025-08-27 15:09:59 | INFO | main:404 - view server @ https://localhost:9443-{}
2025-08-27 15:10:07 | SUCCESS | get_platform_origin:368 - Got response from https://localhost:9443/open-metadata/platform-services/users/erinoverview/server-platform/origin
 Response: Egeria OMAG Server Platform (version 5.4-SNAPSHOT)-{}
2025-08-27 15:10:07 | INFO | __init__:133 - CollectionManager initialized, platform origin is: True-{}
2025-08-27 15:10:07 | SUCCESS | get_platform_origin:368 - Got response from https://localhost:9443/open-metadata/platform-services/users/erinoverview/server-platform/origin
 Response: Egeria OMAG Server Platform (version 5.4-SNAPSHOT)-{}
2025-08-27 15:10:07 | INFO | __init__:98 - GlossaryManager initialized, platform origin is: True-{}
2025-08-27 15:10:30 | INFO | main:404 - view server @ https://localhost:9443-{}
2025-08-27 15:10:41 | SUCCESS | get_platform_origin:368 - Got response from https://localhost:9443/open-metadata/platform-services/users/erinoverview/server-platform/origin
 Response: Egeria OMAG Server Platform (version 5.4-SNAPSHOT)-{}
2025-08-27 15:10:41 | INFO | __init__:133 - CollectionManager initialized, platform origin is: True-{}
2025-08-27 15:10:41 | SUCCESS | get_platform_origin:368 - Got response from https://localhost:9443/open-metadata/platform-services/users/erinoverview/server-platform/origin
 Response: Egeria OMAG Server Platform (version 5.4-SNAPSHOT)-{}
2025-08-27 15:10:41 | INFO | __init__:98 - GlossaryManager initialized, platform origin is: True-{}
2025-08-27 15:11:43 | INFO | main:404 - view server @ https://localhost:9443-{}
2025-08-27 15:11:53 | SUCCESS | get_platform_origin:368 - Got response from https://localhost:9443/open-metadata/platform-services/users/erinoverview/server-platform/origin
 Response: Egeria OMAG Server Platform (version 5.4-SNAPSHOT)-{}
2025-08-27 15:11:53 | INFO | __init__:133 - CollectionManager initialized, platform origin is: True-{}
2025-08-27 15:11:53 | SUCCESS | get_platform_origin:368 - Got response from https://localhost:9443/open-metadata/platform-services/users/erinoverview/server-platform/origin
 Response: Egeria OMAG Server Platform (version 5.4-SNAPSHOT)-{}
2025-08-27 15:11:53 | INFO | __init__:98 - GlossaryManager initialized, platform origin is: True-{}
2025-08-27 15:12:21 | INFO | main:404 - view server @ https://localhost:9443-{}
2025-08-27 15:12:35 | SUCCESS | get_platform_origin:368 - Got response from https://localhost:9443/open-metadata/platform-services/users/erinoverview/server-platform/origin
 Response: Egeria OMAG Server Platform (version 5.4-SNAPSHOT)-{}
2025-08-27 15:12:35 | INFO | __init__:133 - CollectionManager initialized, platform origin is: True-{}
2025-08-27 15:12:35 | SUCCESS | get_platform_origin:368 - Got response from https://localhost:9443/open-metadata/platform-services/users/erinoverview/server-platform/origin
 Response: Egeria OMAG Server Platform (version 5.4-SNAPSHOT)-{}
2025-08-27 15:12:35 | INFO | __init__:98 - GlossaryManager initialized, platform origin is: True-{}
2025-08-27 15:12:35 | INFO | _async_find_request:917 - No elements found-{}
2025-08-27 15:12:55 | INFO | main:404 - view server @ https://localhost:9443-{}
2025-08-27 15:14:26 | SUCCESS | get_platform_origin:368 - Got response from https://localhost:9443/open-metadata/platform-services/users/erinoverview/server-platform/origin
 Response: Egeria OMAG Server Platform (version 5.4-SNAPSHOT)-{}
2025-08-27 15:14:26 | INFO | __init__:133 - CollectionManager initialized, platform origin is: True-{}
2025-08-27 15:14:26 | SUCCESS | get_platform_origin:368 - Got response from https://localhost:9443/open-metadata/platform-services/users/erinoverview/server-platform/origin
 Response: Egeria OMAG Server Platform (version 5.4-SNAPSHOT)-{}
2025-08-27 15:14:26 | INFO | __init__:98 - GlossaryManager initialized, platform origin is: True-{}
2025-08-27 15:14:55 | INFO | main:404 - view server @ https://localhost:9443-{}
2025-08-27 15:15:08 | SUCCESS | get_platform_origin:368 - Got response from https://localhost:9443/open-metadata/platform-services/users/erinoverview/server-platform/origin
 Response: Egeria OMAG Server Platform (version 5.4-SNAPSHOT)-{}
2025-08-27 15:15:08 | INFO | __init__:133 - CollectionManager initialized, platform origin is: True-{}
2025-08-27 15:15:08 | SUCCESS | get_platform_origin:368 - Got response from https://localhost:9443/open-metadata/platform-services/users/erinoverview/server-platform/origin
 Response: Egeria OMAG Server Platform (version 5.4-SNAPSHOT)-{}
2025-08-27 15:15:08 | INFO | __init__:98 - GlossaryManager initialized, platform origin is: True-{}
2025-08-27 15:15:50 | INFO | main:404 - view server @ https://localhost:9443-{}
2025-08-27 15:15:58 | SUCCESS | get_platform_origin:368 - Got response from https://localhost:9443/open-metadata/platform-services/users/erinoverview/server-platform/origin
 Response: Egeria OMAG Server Platform (version 5.4-SNAPSHOT)-{}
2025-08-27 15:15:58 | INFO | __init__:133 - CollectionManager initialized, platform origin is: True-{}
2025-08-27 15:15:58 | SUCCESS | get_platform_origin:368 - Got response from https://localhost:9443/open-metadata/platform-services/users/erinoverview/server-platform/origin
 Response: Egeria OMAG Server Platform (version 5.4-SNAPSHOT)-{}
2025-08-27 15:15:58 | INFO | __init__:98 - GlossaryManager initialized, platform origin is: True-{}
2025-08-27 15:16:55 | INFO | main:404 - view server @ https://localhost:9443-{}
2025-08-27 15:17:00 | INFO | main:404 - view server @ https://localhost:9443-{}
2025-08-27 15:17:54 | SUCCESS | get_platform_origin:368 - Got response from https://localhost:9443/open-metadata/platform-services/users/erinoverview/server-platform/origin
 Response: Egeria OMAG Server Platform (version 5.4-SNAPSHOT)-{}
2025-08-27 15:17:54 | INFO | __init__:133 - CollectionManager initialized, platform origin is: True-{}
2025-08-27 15:17:54 | SUCCESS | get_platform_origin:368 - Got response from https://localhost:9443/open-metadata/platform-services/users/erinoverview/server-platform/origin
 Response: Egeria OMAG Server Platform (version 5.4-SNAPSHOT)-{}
2025-08-27 15:17:54 | INFO | __init__:98 - GlossaryManager initialized, platform origin is: True-{}
2025-08-27 15:19:34 | INFO | main:404 - view server @ https://localhost:9443-{}
2025-08-27 15:21:03 | SUCCESS | get_platform_origin:368 - Got response from https://localhost:9443/open-metadata/platform-services/users/erinoverview/server-platform/origin
 Response: Egeria OMAG Server Platform (version 5.4-SNAPSHOT)-{}
2025-08-27 15:21:03 | INFO | __init__:133 - CollectionManager initialized, platform origin is: True-{}
2025-08-27 15:21:03 | SUCCESS | get_platform_origin:368 - Got response from https://localhost:9443/open-metadata/platform-services/users/erinoverview/server-platform/origin
 Response: Egeria OMAG Server Platform (version 5.4-SNAPSHOT)-{}
2025-08-27 15:21:03 | INFO | __init__:98 - GlossaryManager initialized, platform origin is: True-{}
2025-08-27 15:24:18 | INFO | main:404 - view server @ https://localhost:9443-{}
2025-08-27 15:25:06 | SUCCESS | get_platform_origin:368 - Got response from https://localhost:9443/open-metadata/platform-services/users/erinoverview/server-platform/origin
 Response: Egeria OMAG Server Platform (version 5.4-SNAPSHOT)-{}
2025-08-27 15:25:06 | INFO | __init__:133 - CollectionManager initialized, platform origin is: True-{}
2025-08-27 15:25:06 | SUCCESS | get_platform_origin:368 - Got response from https://localhost:9443/open-metadata/platform-services/users/erinoverview/server-platform/origin
 Response: Egeria OMAG Server Platform (version 5.4-SNAPSHOT)-{}
2025-08-27 15:25:06 | INFO | __init__:98 - GlossaryManager initialized, platform origin is: True-{}
2025-08-27 15:26:59 | INFO | main:404 - view server @ https://localhost:9443-{}
2025-08-27 15:27:04 | SUCCESS | get_platform_origin:368 - Got response from https://localhost:9443/open-metadata/platform-services/users/erinoverview/server-platform/origin
 Response: Egeria OMAG Server Platform (version 5.4-SNAPSHOT)-{}
2025-08-27 15:27:04 | INFO | __init__:133 - CollectionManager initialized, platform origin is: True-{}
2025-08-27 15:27:04 | SUCCESS | get_platform_origin:368 - Got response from https://localhost:9443/open-metadata/platform-services/users/erinoverview/server-platform/origin
 Response: Egeria OMAG Server Platform (version 5.4-SNAPSHOT)-{}
2025-08-27 15:27:04 | INFO | __init__:98 - GlossaryManager initialized, platform origin is: True-{}
2025-08-27 15:28:20 | INFO | main:404 - view server @ https://localhost:9443-{}
2025-08-27 15:28:37 | SUCCESS | get_platform_origin:368 - Got response from https://localhost:9443/open-metadata/platform-services/users/erinoverview/server-platform/origin
 Response: Egeria OMAG Server Platform (version 5.4-SNAPSHOT)-{}
2025-08-27 15:28:37 | INFO | __init__:133 - CollectionManager initialized, platform origin is: True-{}
2025-08-27 15:28:37 | SUCCESS | get_platform_origin:368 - Got response from https://localhost:9443/open-metadata/platform-services/users/erinoverview/server-platform/origin
 Response: Egeria OMAG Server Platform (version 5.4-SNAPSHOT)-{}
2025-08-27 15:28:37 | INFO | __init__:98 - GlossaryManager initialized, platform origin is: True-{}
