2025-08-27 19:58:06 | INFO | main:407 - view server @ https://localhost:9443-{}
2025-08-27 19:58:10 | SUCCESS | get_platform_origin:368 - Got response from https://localhost:9443/open-metadata/platform-services/users/erinoverview/server-platform/origin
 Response: Egeria OMAG Server Platform (version 5.4-SNAPSHOT)-{}
2025-08-27 19:58:10 | INFO | __init__:133 - CollectionManager initialized, platform origin is: True-{}
2025-08-27 19:58:10 | SUCCESS | get_platform_origin:368 - Got response from https://localhost:9443/open-metadata/platform-services/users/erinoverview/server-platform/origin
 Response: Egeria OMAG Server Platform (version 5.4-SNAPSHOT)-{}
2025-08-27 19:58:10 | INFO | __init__:98 - GlossaryManager initialized, platform origin is: True-{}
2025-08-27 20:01:57 | INFO | main:408 - view server @ https://localhost:9443-{}
2025-08-27 20:02:00 | SUCCESS | get_platform_origin:368 - Got response from https://localhost:9443/open-metadata/platform-services/users/erinoverview/server-platform/origin
 Response: Egeria OMAG Server Platform (version 5.4-SNAPSHOT)-{}
2025-08-27 20:02:00 | INFO | __init__:133 - CollectionManager initialized, platform origin is: True-{}
2025-08-27 20:02:00 | SUCCESS | get_platform_origin:368 - Got response from https://localhost:9443/open-metadata/platform-services/users/erinoverview/server-platform/origin
 Response: Egeria OMAG Server Platform (version 5.4-SNAPSHOT)-{}
2025-08-27 20:02:00 | INFO | __init__:98 - GlossaryManager initialized, platform origin is: True-{}
2025-08-27 20:02:38 | INFO | main:408 - view server @ https://localhost:9443-{}
2025-08-27 20:02:41 | SUCCESS | get_platform_origin:368 - Got response from https://localhost:9443/open-metadata/platform-services/users/erinoverview/server-platform/origin
 Response: Egeria OMAG Server Platform (version 5.4-SNAPSHOT)-{}
2025-08-27 20:02:41 | INFO | __init__:133 - CollectionManager initialized, platform origin is: True-{}
2025-08-27 20:02:41 | SUCCESS | get_platform_origin:368 - Got response from https://localhost:9443/open-metadata/platform-services/users/erinoverview/server-platform/origin
 Response: Egeria OMAG Server Platform (version 5.4-SNAPSHOT)-{}
2025-08-27 20:02:41 | INFO | __init__:98 - GlossaryManager initialized, platform origin is: True-{}
2025-08-27 20:03:21 | INFO | main:408 - view server @ https://localhost:9443-{}
2025-08-27 20:03:25 | SUCCESS | get_platform_origin:368 - Got response from https://localhost:9443/open-metadata/platform-services/users/erinoverview/server-platform/origin
 Response: Egeria OMAG Server Platform (version 5.4-SNAPSHOT)-{}
2025-08-27 20:03:25 | INFO | __init__:133 - CollectionManager initialized, platform origin is: True-{}
2025-08-27 20:03:25 | SUCCESS | get_platform_origin:368 - Got response from https://localhost:9443/open-metadata/platform-services/users/erinoverview/server-platform/origin
 Response: Egeria OMAG Server Platform (version 5.4-SNAPSHOT)-{}
2025-08-27 20:03:25 | INFO | __init__:98 - GlossaryManager initialized, platform origin is: True-{}
2025-08-27 20:04:03 | INFO | main:408 - view server @ https://localhost:9443-{}
2025-08-27 20:04:06 | SUCCESS | get_platform_origin:368 - Got response from https://localhost:9443/open-metadata/platform-services/users/erinoverview/server-platform/origin
 Response: Egeria OMAG Server Platform (version 5.4-SNAPSHOT)-{}
2025-08-27 20:04:06 | INFO | __init__:133 - CollectionManager initialized, platform origin is: True-{}
2025-08-27 20:04:06 | SUCCESS | get_platform_origin:368 - Got response from https://localhost:9443/open-metadata/platform-services/users/erinoverview/server-platform/origin
 Response: Egeria OMAG Server Platform (version 5.4-SNAPSHOT)-{}
2025-08-27 20:04:06 | INFO | __init__:98 - GlossaryManager initialized, platform origin is: True-{}
2025-08-27 20:05:01 | INFO | main:408 - view server @ https://localhost:9443-{}
2025-08-27 20:05:04 | SUCCESS | get_platform_origin:368 - Got response from https://localhost:9443/open-metadata/platform-services/users/erinoverview/server-platform/origin
 Response: Egeria OMAG Server Platform (version 5.4-SNAPSHOT)-{}
2025-08-27 20:05:04 | INFO | __init__:133 - CollectionManager initialized, platform origin is: True-{}
2025-08-27 20:05:04 | SUCCESS | get_platform_origin:368 - Got response from https://localhost:9443/open-metadata/platform-services/users/erinoverview/server-platform/origin
 Response: Egeria OMAG Server Platform (version 5.4-SNAPSHOT)-{}
2025-08-27 20:05:04 | INFO | __init__:98 - GlossaryManager initialized, platform origin is: True-{}
2025-08-27 20:05:27 | INFO | main:408 - view server @ https://localhost:9443-{}
2025-08-27 20:05:30 | SUCCESS | get_platform_origin:368 - Got response from https://localhost:9443/open-metadata/platform-services/users/erinoverview/server-platform/origin
 Response: Egeria OMAG Server Platform (version 5.4-SNAPSHOT)-{}
2025-08-27 20:05:30 | INFO | __init__:133 - CollectionManager initialized, platform origin is: True-{}
2025-08-27 20:05:30 | SUCCESS | get_platform_origin:368 - Got response from https://localhost:9443/open-metadata/platform-services/users/erinoverview/server-platform/origin
 Response: Egeria OMAG Server Platform (version 5.4-SNAPSHOT)-{}
2025-08-27 20:05:30 | INFO | __init__:98 - GlossaryManager initialized, platform origin is: True-{}
2025-08-27 20:06:00 | INFO | main:408 - view server @ https://localhost:9443-{}
2025-08-27 20:06:02 | SUCCESS | get_platform_origin:368 - Got response from https://localhost:9443/open-metadata/platform-services/users/erinoverview/server-platform/origin
 Response: Egeria OMAG Server Platform (version 5.4-SNAPSHOT)-{}
2025-08-27 20:06:02 | INFO | __init__:133 - CollectionManager initialized, platform origin is: True-{}
2025-08-27 20:06:02 | SUCCESS | get_platform_origin:368 - Got response from https://localhost:9443/open-metadata/platform-services/users/erinoverview/server-platform/origin
 Response: Egeria OMAG Server Platform (version 5.4-SNAPSHOT)-{}
2025-08-27 20:06:02 | INFO | __init__:98 - GlossaryManager initialized, platform origin is: True-{}
